#
# A fatal error has been detected by the Java Runtime Environment:
#
#  SIGBUS (0xa) at pc=0x000000010f329940, pid=2790, tid=4867
#
# JRE version:  (8.0_25-b17) (build )
# Java VM: Java HotSpot(TM) 64-Bit Server VM (25.25-b02 mixed mode bsd-amd64 compressed oops)
# Problematic frame:
# C  0x000000010f329940
#
# Failed to write core dump. Core dumps have been disabled. To enable core dumping, try "ulimit -c unlimited" before starting Java again
#
# If you would like to submit a bug report, please visit:
#   http://bugreport.sun.com/bugreport/crash.jsp
#

---------------  T H R E A D  ---------------

Current thread (0x00007fc9e3804000):  JavaThread "Unknown thread" [_thread_in_vm, id=4867, stack(0x000000010f22a000,0x000000010f32a000)]

siginfo: si_signo: 10 (SIGBUS), si_code: 2 (BUS_ADRERR), si_addr: 0x000000010f329940

Registers:
RAX=0x00007fc9e2d00910, RBX=0x000000010e8cd8f3, RCX=0x000000010f329920, RDX=0x0000000000000030
RSP=0x000000010f3298c8, RBP=0x000000010f3298f0, RSI=0x00007fc9e2d00910, RDI=0x000000010f3298f0
R8 =0x0000000000000000, R9 =0x00000000fff00000, R10=0x0000000000000001, R11=0x0000000000000003
R12=0x000000010fc00579, R13=0x00000000000008ff, R14=0x000000010e8cd531, R15=0x000000010f3298c0
RIP=0x000000010f329940, EFLAGS=0x0000000000010206, ERR=0x0000000000000015
  TRAPNO=0x000000000000000e

Top of Stack: (sp=0x000000010f3298c8)
0x000000010f3298c8:   000000010e7d3727 000000010f329950
0x000000010f3298d8:   0000000000000001 000000010f329eb0
0x000000010f3298e8:   00007fc9e3804000 000000010f329920
0x000000010f3298f8:   000000010e7e9bcd 000000010f329950
0x000000010f329908:   00007fc9e2d00880 000000010f329950
0x000000010f329918:   000000010f329eb0 000000010f329940
0x000000010f329928:   000000010e7ea7d6 000000010f329950
0x000000010f329938:   000000010f329950 000000010f329980
0x000000010f329948:   000000010e7d3950 000000010eadfe90
0x000000010f329958:   00007fc9e2e048c0 00007fc9e2d007f0
0x000000010f329968:   00007fc9e2d008e0 000000010f329e00
0x000000010f329978:   000000010f329990 000000010f329b70
0x000000010f329988:   000000010e7eb087 000000010e899133
0x000000010f329998:   0000000000000000 0000000000000000
0x000000010f3299a8:   0000000000000000 0000000000000000
0x000000010f3299b8:   0000000000000000 0000000000000000
0x000000010f3299c8:   0000000000000000 0000000000000000
0x000000010f3299d8:   0000000000000000 000000010f329990
0x000000010f3299e8:   000000010fc00420 0000000000000000
0x000000010f3299f8:   000000010fc00579 000000010fc04e58
0x000000010f329a08:   0000000000000000 0000000000000000
0x000000010f329a18:   0000000000000000 000000010fc00420
0x000000010f329a28:   0000000000010000 000000010f329990
0x000000010f329a38:   0000000000000000 0000000000000000
0x000000010f329a48:   0000000000000000 0000000000000000
0x000000010f329a58:   0000000000000000 0000000000000000
0x000000010f329a68:   0000000000000000 0000000000000000
0x000000010f329a78:   0000000000020000 000000010f329990
0x000000010f329a88:   0000000000000000 0000000000000000
0x000000010f329a98:   000000010fc00420 0000000000004a38
0x000000010f329aa8:   000000010f329ab8 000000010fc00160
0x000000010f329ab8:   0000000000000000 000000010f329ad0 

Instructions: (pc=0x000000010f329940)
0x000000010f329920:   40 99 32 0f 01 00 00 00 d6 a7 7e 0e 01 00 00 00
0x000000010f329930:   50 99 32 0f 01 00 00 00 50 99 32 0f 01 00 00 00
0x000000010f329940:   80 99 32 0f 01 00 00 00 50 39 7d 0e 01 00 00 00
0x000000010f329950:   90 fe ad 0e 01 00 00 00 c0 48 e0 e2 c9 7f 00 00 

Stack: [0x000000010f22a000,0x000000010f32a000],  sp=0x000000010f3298c8,  free space=1022k
Native frames: (J=compiled Java code, j=interpreted, Vv=VM code, C=native code)
C  0x000000010f329940
V  [libjvm.dylib+0x4f3bcd]  StubGenerator::generate_atomic_cmpxchg_long()+0x2b
V  [libjvm.dylib+0x4f47d6]  StubGenerator::generate_initial()+0xfe
V  [libjvm.dylib+0x4dd950]  StubGenerator_generate(CodeBuffer*, bool)+0x1a
V  [libjvm.dylib+0x4f5087]  StubRoutines::initialize1()+0xcd
V  [libjvm.dylib+0x29c957]  init_globals()+0x47
V  [libjvm.dylib+0x538179]  Threads::create_vm(JavaVMInitArgs*, bool*)+0x1d9
V  [libjvm.dylib+0x308d15]  JNI_CreateJavaVM+0x76
C  [java+0x241e]  JavaMain+0x134
C  [libsystem_pthread.dylib+0x405a]  _pthread_body+0x83
C  [libsystem_pthread.dylib+0x3fd7]  _pthread_body+0x0
C  [libsystem_pthread.dylib+0x13ed]  thread_start+0xd
C  0x0000000000000000


---------------  P R O C E S S  ---------------

Java Threads: ( => current thread )

Other Threads:

=>0x00007fc9e3804000 (exited) JavaThread "Unknown thread" [_thread_in_vm, id=4867, stack(0x000000010f22a000,0x000000010f32a000)]

VM state:not at safepoint (not fully initialized)

VM Mutex/Monitor currently owned by a thread: None

Deoptimization events (0 events):
No events

Internal exceptions (0 events):
No events

Events (0 events):
No events


Dynamic libraries:
0x0000000006f8d000 	/System/Library/Frameworks/Cocoa.framework/Versions/A/Cocoa
0x0000000006f8d000 	/System/Library/Frameworks/Security.framework/Versions/A/Security
0x0000000006f8d000 	/System/Library/Frameworks/ApplicationServices.framework/Versions/A/ApplicationServices
0x0000000006f8d000 	/usr/lib/libz.1.dylib
0x0000000006f8d000 	/usr/lib/libSystem.B.dylib
0x0000000006f8d000 	/usr/lib/libobjc.A.dylib
0x0000000006f8d000 	/System/Library/Frameworks/CoreFoundation.framework/Versions/A/CoreFoundation
0x0000000006f8d000 	/System/Library/Frameworks/Foundation.framework/Versions/C/Foundation
0x0000000006f8d000 	/System/Library/Frameworks/AppKit.framework/Versions/C/AppKit
0x0000000006f8d000 	/System/Library/Frameworks/CoreData.framework/Versions/A/CoreData
0x0000000006f8d000 	/System/Library/PrivateFrameworks/RemoteViewServices.framework/Versions/A/RemoteViewServices
0x0000000006f8d000 	/System/Library/PrivateFrameworks/UIFoundation.framework/Versions/A/UIFoundation
0x0000000006f8d000 	/System/Library/Frameworks/IOSurface.framework/Versions/A/IOSurface
0x0000000006f8d000 	/System/Library/Frameworks/AudioToolbox.framework/Versions/A/AudioToolbox
0x0000000006f8d000 	/System/Library/Frameworks/AudioUnit.framework/Versions/A/AudioUnit
0x0000000006f8d000 	/System/Library/PrivateFrameworks/DataDetectorsCore.framework/Versions/A/DataDetectorsCore
0x0000000006f8d000 	/System/Library/PrivateFrameworks/DesktopServicesPriv.framework/Versions/A/DesktopServicesPriv
0x0000000006f8d000 	/System/Library/Frameworks/Carbon.framework/Versions/A/Frameworks/HIToolbox.framework/Versions/A/HIToolbox
0x0000000006f8d000 	/System/Library/Frameworks/QuartzCore.framework/Versions/A/QuartzCore
0x0000000006f8d000 	/System/Library/Frameworks/Carbon.framework/Versions/A/Frameworks/SpeechRecognition.framework/Versions/A/SpeechRecognition
0x0000000006f8d000 	/usr/lib/libauto.dylib
0x0000000006f8d000 	/usr/lib/libicucore.A.dylib
0x0000000006f8d000 	/usr/lib/libxml2.2.dylib
0x0000000006f8d000 	/System/Library/PrivateFrameworks/CoreUI.framework/Versions/A/CoreUI
0x0000000006f8d000 	/System/Library/Frameworks/CoreAudio.framework/Versions/A/CoreAudio
0x0000000006f8d000 	/System/Library/Frameworks/DiskArbitration.framework/Versions/A/DiskArbitration
0x0000000006f8d000 	/usr/lib/liblangid.dylib
0x0000000006f8d000 	/System/Library/PrivateFrameworks/MultitouchSupport.framework/Versions/A/MultitouchSupport
0x0000000006f8d000 	/System/Library/Frameworks/IOKit.framework/Versions/A/IOKit
0x0000000006f8d000 	/usr/lib/libDiagnosticMessagesClient.dylib
0x0000000006f8d000 	/System/Library/Frameworks/CoreServices.framework/Versions/A/CoreServices
0x0000000006f8d000 	/System/Library/PrivateFrameworks/PerformanceAnalysis.framework/Versions/A/PerformanceAnalysis
0x0000000006f8d000 	/System/Library/PrivateFrameworks/GenerationalStorage.framework/Versions/A/GenerationalStorage
0x0000000006f8d000 	/System/Library/Frameworks/OpenGL.framework/Versions/A/OpenGL
0x0000000006f8d000 	/System/Library/PrivateFrameworks/Sharing.framework/Versions/A/Sharing
0x0000000006f8d000 	/System/Library/Frameworks/CoreGraphics.framework/Versions/A/CoreGraphics
0x0000000006f8d000 	/System/Library/Frameworks/CoreText.framework/Versions/A/CoreText
0x0000000006f8d000 	/System/Library/Frameworks/ImageIO.framework/Versions/A/ImageIO
0x0000000006f8d000 	/usr/lib/libextension.dylib
0x0000000006f8d000 	/System/Library/PrivateFrameworks/Backup.framework/Versions/A/Backup
0x0000000006f8d000 	/usr/lib/libarchive.2.dylib
0x0000000006f8d000 	/System/Library/Frameworks/CFNetwork.framework/Versions/A/CFNetwork
0x0000000006f8d000 	/System/Library/Frameworks/SystemConfiguration.framework/Versions/A/SystemConfiguration
0x0000000006f8d000 	/usr/lib/libCRFSuite.dylib
0x0000000006f8d000 	/usr/lib/libc++.1.dylib
0x0000000006f8d000 	/usr/lib/libc++abi.dylib
0x0000000006f8d000 	/usr/lib/system/libcache.dylib
0x0000000006f8d000 	/usr/lib/system/libcommonCrypto.dylib
0x0000000006f8d000 	/usr/lib/system/libcompiler_rt.dylib
0x0000000006f8d000 	/usr/lib/system/libcopyfile.dylib
0x0000000006f8d000 	/usr/lib/system/libcorecrypto.dylib
0x0000000006f8d000 	/usr/lib/system/libdispatch.dylib
0x0000000006f8d000 	/usr/lib/system/libdyld.dylib
0x0000000006f8d000 	/usr/lib/system/libkeymgr.dylib
0x0000000006f8d000 	/usr/lib/system/liblaunch.dylib
0x0000000006f8d000 	/usr/lib/system/libmacho.dylib
0x0000000006f8d000 	/usr/lib/system/libquarantine.dylib
0x0000000006f8d000 	/usr/lib/system/libremovefile.dylib
0x0000000006f8d000 	/usr/lib/system/libsystem_asl.dylib
0x0000000006f8d000 	/usr/lib/system/libsystem_blocks.dylib
0x0000000006f8d000 	/usr/lib/system/libsystem_c.dylib
0x0000000006f8d000 	/usr/lib/system/libsystem_configuration.dylib
0x0000000006f8d000 	/usr/lib/system/libsystem_coreservices.dylib
0x0000000006f8d000 	/usr/lib/system/libsystem_coretls.dylib
0x0000000006f8d000 	/usr/lib/system/libsystem_dnssd.dylib
0x0000000006f8d000 	/usr/lib/system/libsystem_info.dylib
0x0000000006f8d000 	/usr/lib/system/libsystem_kernel.dylib
0x0000000006f8d000 	/usr/lib/system/libsystem_m.dylib
0x0000000006f8d000 	/usr/lib/system/libsystem_malloc.dylib
0x0000000006f8d000 	/usr/lib/system/libsystem_network.dylib
0x0000000006f8d000 	/usr/lib/system/libsystem_networkextension.dylib
0x0000000006f8d000 	/usr/lib/system/libsystem_notify.dylib
0x0000000006f8d000 	/usr/lib/system/libsystem_platform.dylib
0x0000000006f8d000 	/usr/lib/system/libsystem_pthread.dylib
0x0000000006f8d000 	/usr/lib/system/libsystem_sandbox.dylib
0x0000000006f8d000 	/usr/lib/system/libsystem_secinit.dylib
0x0000000006f8d000 	/usr/lib/system/libsystem_stats.dylib
0x0000000006f8d000 	/usr/lib/system/libsystem_trace.dylib
0x0000000006f8d000 	/usr/lib/system/libunc.dylib
0x0000000006f8d000 	/usr/lib/system/libunwind.dylib
0x0000000006f8d000 	/usr/lib/system/libxpc.dylib
0x0000000006f8d000 	/usr/lib/libbz2.1.0.dylib
0x0000000006f8d000 	/usr/lib/liblzma.5.dylib
0x0000000006f8d000 	/usr/lib/libbsm.0.dylib
0x0000000006f8d000 	/usr/lib/libsqlite3.dylib
0x0000000006f8d000 	/usr/lib/system/libkxld.dylib
0x0000000006f8d000 	/usr/lib/libxar.1.dylib
0x0000000006f8d000 	/usr/lib/libpam.2.dylib
0x0000000006f8d000 	/usr/lib/libOpenScriptingUtil.dylib
0x0000000006f8d000 	/System/Library/Frameworks/CoreServices.framework/Versions/A/Frameworks/FSEvents.framework/Versions/A/FSEvents
0x0000000006f8d000 	/System/Library/Frameworks/CoreServices.framework/Versions/A/Frameworks/CarbonCore.framework/Versions/A/CarbonCore
0x0000000006f8d000 	/System/Library/Frameworks/CoreServices.framework/Versions/A/Frameworks/Metadata.framework/Versions/A/Metadata
0x0000000006f8d000 	/System/Library/Frameworks/CoreServices.framework/Versions/A/Frameworks/OSServices.framework/Versions/A/OSServices
0x0000000006f8d000 	/System/Library/Frameworks/CoreServices.framework/Versions/A/Frameworks/SearchKit.framework/Versions/A/SearchKit
0x0000000006f8d000 	/System/Library/Frameworks/CoreServices.framework/Versions/A/Frameworks/AE.framework/Versions/A/AE
0x0000000006f8d000 	/System/Library/Frameworks/CoreServices.framework/Versions/A/Frameworks/LaunchServices.framework/Versions/A/LaunchServices
0x0000000006f8d000 	/System/Library/Frameworks/CoreServices.framework/Versions/A/Frameworks/DictionaryServices.framework/Versions/A/DictionaryServices
0x0000000006f8d000 	/System/Library/Frameworks/NetFS.framework/Versions/A/NetFS
0x0000000006f8d000 	/System/Library/PrivateFrameworks/NetAuth.framework/Versions/A/NetAuth
0x0000000006f8d000 	/System/Library/PrivateFrameworks/login.framework/Versions/A/Frameworks/loginsupport.framework/Versions/A/loginsupport
0x0000000006f8d000 	/System/Library/PrivateFrameworks/TCC.framework/Versions/A/TCC
0x0000000006f8d000 	/usr/lib/libmecabra.dylib
0x0000000006f8d000 	/System/Library/Frameworks/ApplicationServices.framework/Versions/A/Frameworks/ATS.framework/Versions/A/ATS
0x0000000006f8d000 	/System/Library/Frameworks/ApplicationServices.framework/Versions/A/Frameworks/ColorSync.framework/Versions/A/ColorSync
0x0000000006f8d000 	/System/Library/Frameworks/ApplicationServices.framework/Versions/A/Frameworks/HIServices.framework/Versions/A/HIServices
0x0000000006f8d000 	/System/Library/Frameworks/ApplicationServices.framework/Versions/A/Frameworks/LangAnalysis.framework/Versions/A/LangAnalysis
0x0000000006f8d000 	/System/Library/Frameworks/ApplicationServices.framework/Versions/A/Frameworks/PrintCore.framework/Versions/A/PrintCore
0x0000000006f8d000 	/System/Library/Frameworks/ApplicationServices.framework/Versions/A/Frameworks/QD.framework/Versions/A/QD
0x0000000006f8d000 	/System/Library/Frameworks/ApplicationServices.framework/Versions/A/Frameworks/SpeechSynthesis.framework/Versions/A/SpeechSynthesis
0x0000000006f8d000 	/System/Library/Frameworks/Accelerate.framework/Versions/A/Accelerate
0x0000000006f8d000 	/System/Library/Frameworks/Accelerate.framework/Versions/A/Frameworks/vImage.framework/Versions/A/vImage
0x0000000006f8d000 	/System/Library/Frameworks/Accelerate.framework/Versions/A/Frameworks/vecLib.framework/Versions/A/vecLib
0x0000000006f8d000 	/System/Library/Frameworks/Accelerate.framework/Versions/A/Frameworks/vecLib.framework/Versions/A/libvDSP.dylib
0x0000000006f8d000 	/System/Library/Frameworks/Accelerate.framework/Versions/A/Frameworks/vecLib.framework/Versions/A/libvMisc.dylib
0x0000000006f8d000 	/System/Library/Frameworks/Accelerate.framework/Versions/A/Frameworks/vecLib.framework/Versions/A/libLAPACK.dylib
0x0000000006f8d000 	/System/Library/Frameworks/Accelerate.framework/Versions/A/Frameworks/vecLib.framework/Versions/A/libBLAS.dylib
0x0000000006f8d000 	/System/Library/Frameworks/Accelerate.framework/Versions/A/Frameworks/vecLib.framework/Versions/A/libLinearAlgebra.dylib
0x0000000006f8d000 	/System/Library/Frameworks/ApplicationServices.framework/Versions/A/Frameworks/ATS.framework/Versions/A/Resources/libFontParser.dylib
0x0000000006f8d000 	/System/Library/Frameworks/ApplicationServices.framework/Versions/A/Frameworks/ATS.framework/Versions/A/Resources/libFontRegistry.dylib
0x0000000006f8d000 	/System/Library/PrivateFrameworks/AppleVPA.framework/Versions/A/AppleVPA
0x0000000006f8d000 	/System/Library/PrivateFrameworks/AppleJPEG.framework/Versions/A/AppleJPEG
0x0000000006f8d000 	/System/Library/Frameworks/ImageIO.framework/Versions/A/Resources/libJPEG.dylib
0x0000000006f8d000 	/System/Library/Frameworks/ImageIO.framework/Versions/A/Resources/libTIFF.dylib
0x0000000006f8d000 	/System/Library/Frameworks/ImageIO.framework/Versions/A/Resources/libPng.dylib
0x0000000006f8d000 	/System/Library/Frameworks/ImageIO.framework/Versions/A/Resources/libGIF.dylib
0x0000000006f8d000 	/System/Library/Frameworks/ImageIO.framework/Versions/A/Resources/libJP2.dylib
0x0000000006f8d000 	/System/Library/Frameworks/ImageIO.framework/Versions/A/Resources/libRadiance.dylib
0x0000000006f8d000 	/System/Library/Frameworks/CoreVideo.framework/Versions/A/CoreVideo
0x0000000006f8d000 	/System/Library/Frameworks/OpenGL.framework/Versions/A/Libraries/libGLU.dylib
0x0000000006f8d000 	/System/Library/Frameworks/OpenGL.framework/Versions/A/Libraries/libGFXShared.dylib
0x0000000006f8d000 	/System/Library/Frameworks/OpenGL.framework/Versions/A/Libraries/libGL.dylib
0x0000000006f8d000 	/System/Library/Frameworks/OpenGL.framework/Versions/A/Libraries/libGLImage.dylib
0x0000000006f8d000 	/System/Library/Frameworks/OpenGL.framework/Versions/A/Libraries/libCVMSPluginSupport.dylib
0x0000000006f8d000 	/System/Library/Frameworks/OpenGL.framework/Versions/A/Libraries/libCoreVMClient.dylib
0x0000000006f8d000 	/usr/lib/libcups.2.dylib
0x0000000006f8d000 	/System/Library/Frameworks/Kerberos.framework/Versions/A/Kerberos
0x0000000006f8d000 	/System/Library/Frameworks/GSS.framework/Versions/A/GSS
0x0000000006f8d000 	/usr/lib/libresolv.9.dylib
0x0000000006f8d000 	/usr/lib/libiconv.2.dylib
0x0000000006f8d000 	/System/Library/PrivateFrameworks/Heimdal.framework/Versions/A/Heimdal
0x0000000006f8d000 	/usr/lib/libheimdal-asn1.dylib
0x0000000006f8d000 	/System/Library/Frameworks/OpenDirectory.framework/Versions/A/OpenDirectory
0x0000000006f8d000 	/System/Library/PrivateFrameworks/CommonAuth.framework/Versions/A/CommonAuth
0x0000000006f8d000 	/System/Library/Frameworks/OpenDirectory.framework/Versions/A/Frameworks/CFOpenDirectory.framework/Versions/A/CFOpenDirectory
0x0000000006f8d000 	/System/Library/Frameworks/SecurityFoundation.framework/Versions/A/SecurityFoundation
0x0000000006f8d000 	/System/Library/PrivateFrameworks/LanguageModeling.framework/Versions/A/LanguageModeling
0x0000000006f8d000 	/usr/lib/libcmph.dylib
0x0000000006f8d000 	/System/Library/Frameworks/ServiceManagement.framework/Versions/A/ServiceManagement
0x0000000006f8d000 	/usr/lib/libxslt.1.dylib
0x0000000006f8d000 	/System/Library/Frameworks/Carbon.framework/Versions/A/Frameworks/Ink.framework/Versions/A/Ink
0x0000000006f8d000 	/System/Library/Frameworks/QuartzCore.framework/Versions/A/Frameworks/CoreImage.framework/Versions/A/CoreImage
0x0000000006f8d000 	/System/Library/PrivateFrameworks/CrashReporterSupport.framework/Versions/A/CrashReporterSupport
0x0000000006f8d000 	/System/Library/Frameworks/OpenCL.framework/Versions/A/OpenCL
0x0000000006f8d000 	/System/Library/PrivateFrameworks/FaceCore.framework/Versions/A/FaceCore
0x0000000006f8d000 	/System/Library/PrivateFrameworks/Ubiquity.framework/Versions/A/Ubiquity
0x0000000006f8d000 	/System/Library/PrivateFrameworks/IconServices.framework/Versions/A/IconServices
0x0000000006f8d000 	/System/Library/PrivateFrameworks/ChunkingLibrary.framework/Versions/A/ChunkingLibrary
0x0000000006f8d000 	/System/Library/PrivateFrameworks/Apple80211.framework/Versions/A/Apple80211
0x0000000006f8d000 	/System/Library/Frameworks/CoreWLAN.framework/Versions/A/CoreWLAN
0x0000000006f8d000 	/System/Library/Frameworks/IOBluetooth.framework/Versions/A/IOBluetooth
0x0000000006f8d000 	/System/Library/PrivateFrameworks/CoreWiFi.framework/Versions/A/CoreWiFi
0x0000000006f8d000 	/System/Library/Frameworks/CoreBluetooth.framework/Versions/A/CoreBluetooth
0x0000000006f8d000 	/System/Library/PrivateFrameworks/DebugSymbols.framework/Versions/A/DebugSymbols
0x0000000006f8d000 	/System/Library/PrivateFrameworks/CoreSymbolication.framework/Versions/A/CoreSymbolication
0x0000000006f8d000 	/System/Library/PrivateFrameworks/Symbolication.framework/Versions/A/Symbolication
0x0000000006f8d000 	/System/Library/PrivateFrameworks/SpeechRecognitionCore.framework/Versions/A/SpeechRecognitionCore
0x000000010e2f6000 	/Library/Java/JavaVirtualMachines/jdk1.8.0_25.jdk/Contents/Home/jre/lib/server/libjvm.dylib
0x0000000006f8d000 	/usr/lib/libstdc++.6.dylib
0x000000010f32c000 	/Library/Java/JavaVirtualMachines/jdk1.8.0_25.jdk/Contents/Home/jre/lib/libverify.dylib
0x000000010f33a000 	/Library/Java/JavaVirtualMachines/jdk1.8.0_25.jdk/Contents/Home/jre/lib/libjava.dylib
0x000000010f378000 	/Library/Java/JavaVirtualMachines/jdk1.8.0_25.jdk/Contents/Home/jre/lib/libzip.dylib

VM Arguments:
jvm_args: -Dfile.encoding=UTF-8 
java_command: ebooksharing1.EbookSharing
java_class_path (initial): /Users/indrajit/Desktop/SharingEbook/derbyclient.jar:/Users/indrajit/Desktop/SharingEbook/rs2xml.jar:/Applications/NetBeans/NetBeans 8.0.2.app/Contents/Resources/NetBeans/java/modules/ext/eclipselink/eclipselink.jar:/Applications/NetBeans/NetBeans 8.0.2.app/Contents/Resources/NetBeans/java/modules/ext/eclipselink/javax.persistence_2.1.0.v201304241213.jar:/Applications/NetBeans/NetBeans 8.0.2.app/Contents/Resources/NetBeans/java/modules/ext/eclipselink/org.eclipse.persistence.jpa.jpql_2.5.2.v20140319-9ad6abd.jar:/Applications/NetBeans/NetBeans 8.0.2.app/Contents/Resources/NetBeans/java/modules/ext/beansbinding-1.2.1.jar:/Users/indrajit/Desktop/SharingEbook/build/classes
Launcher Type: SUN_STANDARD

Environment Variables:
PATH=/usr/bin:/bin:/usr/sbin:/sbin
LD_LIBRARY_PATH=/Library/Java/JavaVirtualMachines/jdk1.8.0_25.jdk/Contents/Home/jre/lib/amd64:/Library/Java/JavaVirtualMachines/jdk1.8.0_25.jdk/Contents/Home/jre/lib/i386:
SHELL=/bin/bash
DISPLAY=/private/tmp/com.apple.launchd.jPovl3m3Jm/org.macosforge.xquartz:0
DYLD_LIBRARY_PATH=/Applications/NetBeans/NetBeans 8.0.2.app/Contents/Resources/NetBeans/webcommon/bin:

Signal Handlers:
SIGSEGV: [libjvm.dylib+0x579dc7], sa_mask[0]=11111111011111110111111111111111, sa_flags=SA_ONSTACK|SA_RESTART|SA_SIGINFO
SIGBUS: [libjvm.dylib+0x579dc7], sa_mask[0]=11111111011111110111111111111111, sa_flags=SA_RESTART|SA_SIGINFO
SIGFPE: [libjvm.dylib+0x45b030], sa_mask[0]=11111111011111110111111111111111, sa_flags=SA_RESTART|SA_SIGINFO
SIGPIPE: [libjvm.dylib+0x45b030], sa_mask[0]=11111111011111110111111111111111, sa_flags=SA_RESTART|SA_SIGINFO
SIGXFSZ: [libjvm.dylib+0x45b030], sa_mask[0]=11111111011111110111111111111111, sa_flags=SA_RESTART|SA_SIGINFO
SIGILL: [libjvm.dylib+0x45b030], sa_mask[0]=11111111011111110111111111111111, sa_flags=SA_RESTART|SA_SIGINFO
SIGUSR1: SIG_DFL, sa_mask[0]=00000000000000000000000000000000, sa_flags=none
SIGUSR2: [libjvm.dylib+0x45ab4e], sa_mask[0]=00100000000000000000000000000000, sa_flags=SA_RESTART|SA_SIGINFO
SIGHUP: SIG_DFL, sa_mask[0]=11111111011111110111111111111111, sa_flags=SA_RESTART|SA_SIGINFO
SIGINT: SIG_IGN, sa_mask[0]=00000000000000000000000000000000, sa_flags=none
SIGTERM: SIG_DFL, sa_mask[0]=11111111011111110111111111111111, sa_flags=SA_RESTART|SA_SIGINFO
SIGQUIT: SIG_DFL, sa_mask[0]=11111111011111110111111111111111, sa_flags=SA_RESTART|SA_SIGINFO


---------------  S Y S T E M  ---------------

OS:Bsduname:Darwin 14.5.0 Darwin Kernel Version 14.5.0: Wed Jul 29 02:26:53 PDT 2015; root:xnu-2782.40.9~1/RELEASE_X86_64 x86_64
rlimit: STACK 8192k, CORE 0k, NPROC 709, NOFILE 10240, AS infinity
load average:1.94 3.40 4.30

CPU:total 4 (2 cores per cpu, 2 threads per core) family 6 model 42 stepping 7, cmov, cx8, fxsr, mmx, sse, sse2, sse3, ssse3, sse4.1, sse4.2, popcnt, avx, aes, clmul, ht, tsc, tscinvbit

Memory: 4k page, physical 8388608k(2072688k free)

/proc/meminfo:


vm_info: Java HotSpot(TM) 64-Bit Server VM (25.25-b02) for bsd-amd64 JRE (1.8.0_25-b17), built on Sep 17 2014 16:56:50 by "java_re" with gcc 4.2.1 (Based on Apple Inc. build 5658) (LLVM build 2336.11.00)

time: Wed Dec  2 17:04:00 2015
elapsed time: 0 seconds (0d 0h 0m 0s)

